Base path: C:/Program Files/Unity/Editor/Data
Pipe name: \\.\pipe\UnityShaderCompiler-64bit-1-4752
Cmd: getPlatforms
Cmd: preprocess
  insize=2781 outsize=832 ok=1
Cmd: compileSnippet
  api=4 type=0 insize=2250 outsize=1152 kw= ok=1
Cmd: compileSnippet
  api=4 type=1 insize=2250 outsize=1038 kw= ok=1
Cmd: preprocess
  insize=2781 outsize=833 ok=1
Cmd: compileSnippet
  api=4 type=0 insize=2250 outsize=1152 kw= ok=1
Cmd: compileSnippet
  api=4 type=1 insize=2250 outsize=1038 kw= ok=1
Cmd: preprocess
  insize=2781 outsize=833 ok=1
Cmd: compileSnippet
  api=4 type=0 insize=2250 outsize=1152 kw= ok=1
Cmd: compileSnippet
  api=4 type=1 insize=2250 outsize=1038 kw= ok=1
Cmd: preprocess
  insize=2781 outsize=833 ok=1
Cmd: compileSnippet
  api=4 type=0 insize=2250 outsize=1152 kw= ok=1
Cmd: compileSnippet
  api=4 type=1 insize=2250 outsize=1038 kw= ok=1
Cmd: preprocess
  insize=2781 outsize=833 ok=1
Cmd: compileSnippet
  api=4 type=0 insize=2250 outsize=1152 kw= ok=1
Cmd: compileSnippet
  api=4 type=1 insize=2250 outsize=1038 kw= ok=1
Cmd: preprocess
  insize=2781 outsize=833 ok=1
Cmd: preprocess
  insize=2781 outsize=833 ok=1
Cmd: compileSnippet
  api=4 type=0 insize=2250 outsize=1152 kw= ok=1
Cmd: compileSnippet
  api=4 type=1 insize=2250 outsize=1038 kw= ok=1
Cmd: preprocess
  insize=2780 outsize=832 ok=1
Cmd: compileSnippet
  api=4 type=0 insize=2249 outsize=1152 kw= ok=1
Cmd: compileSnippet
  api=4 type=1 insize=2249 outsize=1038 kw= ok=1
Cmd: preprocess
  insize=2781 outsize=833 ok=1
Cmd: compileSnippet
  api=4 type=0 insize=2250 outsize=1152 kw= ok=1
Cmd: compileSnippet
  api=4 type=1 insize=2250 outsize=1038 kw= ok=1
Cmd: preprocess
  insize=2781 outsize=833 ok=1
Cmd: compileSnippet
  api=4 type=0 insize=2250 outsize=1152 kw= ok=1
Cmd: compileSnippet
  api=4 type=1 insize=2250 outsize=1038 kw= ok=1
Cmd: preprocess
  insize=2781 outsize=833 ok=1
Cmd: compileSnippet
  api=4 type=0 insize=2250 outsize=1152 kw= ok=1
Cmd: compileSnippet
  api=4 type=1 insize=2250 outsize=1038 kw= ok=1
Cmd: preprocess
  insize=2780 outsize=833 ok=1
Cmd: compileSnippet
  api=4 type=0 insize=2249 outsize=1152 kw= ok=1
Cmd: compileSnippet
  api=4 type=1 insize=2249 outsize=1038 kw= ok=1
Cmd: preprocess
  insize=2781 outsize=833 ok=1
Cmd: compileSnippet
  api=4 type=0 insize=2250 outsize=1152 kw= ok=1
Cmd: compileSnippet
  api=4 type=1 insize=2250 outsize=1038 kw= ok=1
